  [1m[35m (17.3ms)[0m  [1m[35mCREATE TABLE `schema_migrations` (`version` varchar(255) PRIMARY KEY) ENGINE=InnoDB[0m
  [1m[35m (13.2ms)[0m  [1m[35mCREATE TABLE `ar_internal_metadata` (`key` varchar(255) PRIMARY KEY, `value` varchar(255), `created_at` datetime NOT NULL, `updated_at` datetime NOT NULL) ENGINE=InnoDB[0m
  [1m[35m (0.2ms)[0m  [1m[34mSELECT DATABASE() as db[0m
  [1m[35m (0.1ms)[0m  [1m[34mSELECT GET_LOCK('1207452200672133675', 0);[0m
  [1m[36mActiveRecord::SchemaMigration Load (4.5ms)[0m  [1m[34mSELECT `schema_migrations`.* FROM `schema_migrations`[0m
Migrating to CreateUsers (20161024033503)
  [1m[35m (16.0ms)[0m  [1m[35mCREATE TABLE `users` (`id` int AUTO_INCREMENT PRIMARY KEY, `name` varchar(255), `name_en` varchar(255), `id_card` varchar(255), `email` varchar(255) DEFAULT '' NOT NULL, `mobile` varchar(255), `telephone` varchar(255), `encrypted_password` varchar(255) DEFAULT '' NOT NULL, `reset_password_token` varchar(255), `reset_password_sent_at` datetime, `remember_created_at` datetime, `sign_in_count` int DEFAULT 0 NOT NULL, `current_sign_in_at` datetime, `last_sign_in_at` datetime, `current_sign_in_ip` varchar(255), `last_sign_in_ip` varchar(255), `is_valid` tinyint(1) DEFAULT 1, `status` int COMMENT 'ç”¨æˆ·çŠ¶æ€', `created_at` datetime NOT NULL, `updated_at` datetime NOT NULL) ENGINE=InnoDB[0m
  [1m[35m (11.9ms)[0m  [1m[35mCREATE UNIQUE INDEX `index_users_on_email`  ON `users` (`email`) [0m
  [1m[35m (15.4ms)[0m  [1m[35mCREATE UNIQUE INDEX `index_users_on_reset_password_token`  ON `users` (`reset_password_token`) [0m
  [1m[35m (0.1ms)[0m  [1m[35mBEGIN[0m
  [1m[35mSQL (0.2ms)[0m  [1m[32mINSERT INTO `schema_migrations` (`version`) VALUES ('20161024033503')[0m
  [1m[35m (0.3ms)[0m  [1m[35mCOMMIT[0m
Migrating to CreateRoles (20161024033616)
  [1m[35m (14.0ms)[0m  [1m[35mCREATE TABLE `roles` (`id` int AUTO_INCREMENT PRIMARY KEY, `parent_id` int, `name` varchar(255), `created_at` datetime NOT NULL, `updated_at` datetime NOT NULL) ENGINE=InnoDB[0m
  [1m[35m (0.1ms)[0m  [1m[35mBEGIN[0m
  [1m[35mSQL (0.1ms)[0m  [1m[32mINSERT INTO `schema_migrations` (`version`) VALUES ('20161024033616')[0m
  [1m[35m (0.2ms)[0m  [1m[35mCOMMIT[0m
Migrating to CreatePermissions (20161024033848)
  [1m[35m (13.2ms)[0m  [1m[35mCREATE TABLE `permissions` (`id` int AUTO_INCREMENT PRIMARY KEY, `name` varchar(255), `action_tag` varchar(255), `function_tag` varchar(255), `created_at` datetime NOT NULL, `updated_at` datetime NOT NULL) ENGINE=InnoDB[0m
  [1m[35m (0.1ms)[0m  [1m[35mBEGIN[0m
  [1m[35mSQL (0.2ms)[0m  [1m[32mINSERT INTO `schema_migrations` (`version`) VALUES ('20161024033848')[0m
  [1m[35m (0.3ms)[0m  [1m[35mCOMMIT[0m
Migrating to CreateAttachments (20161024034058)
  [1m[35m (14.1ms)[0m  [1m[35mCREATE TABLE `attachments` (`id` int AUTO_INCREMENT PRIMARY KEY, `path` varchar(255) COMMENT 'é™„ä»¶æ–‡ä»¶å', `name` varchar(255) COMMENT 'é™„ä»¶åŸæ–‡ä»¶å', `file_size` varchar(255) COMMENT 'é™„ä»¶å¤§å°', `content_type` varchar(255) COMMENT 'é™„ä»¶åç¼€å', `attachment_type` varchar(255) COMMENT 'å…³è”æ¨¡å—', `attachment_id` int COMMENT 'å…³è”æ¨¡å—ID', `upload_by` int COMMENT 'ä¸Šä¼ äºº', `column_name` varchar(255) COMMENT 'æ‹“å±•å­—æ–­', `created_at` datetime NOT NULL, `updated_at` datetime NOT NULL) ENGINE=InnoDB[0m
  [1m[35m (0.1ms)[0m  [1m[35mBEGIN[0m
  [1m[35mSQL (0.2ms)[0m  [1m[32mINSERT INTO `schema_migrations` (`version`) VALUES ('20161024034058')[0m
  [1m[35m (0.2ms)[0m  [1m[35mCOMMIT[0m
Migrating to CreateStudents (20161024034251)
  [1m[35m (14.5ms)[0m  [1m[35mCREATE TABLE `students` (`id` int AUTO_INCREMENT PRIMARY KEY, `name` varchar(255), `name_en` varchar(255), `id_card` varchar(255), `email` varchar(255) DEFAULT '' NOT NULL, `mobile` varchar(255), `telephone` varchar(255), `student_no` varchar(255), `status` int COMMENT 'å­¦ç”ŸçŠ¶æ€', `apply_status` int COMMENT 'å­¦ç”Ÿé¢„çº¦çŠ¶æ€', `created_at` datetime NOT NULL, `updated_at` datetime NOT NULL) ENGINE=InnoDB[0m
  [1m[35m (0.1ms)[0m  [1m[35mBEGIN[0m
  [1m[35mSQL (0.1ms)[0m  [1m[32mINSERT INTO `schema_migrations` (`version`) VALUES ('20161024034251')[0m
  [1m[35m (0.2ms)[0m  [1m[35mCOMMIT[0m
Migrating to CreateStudentClasses (20161024034343)
  [1m[35m (12.8ms)[0m  [1m[35mCREATE TABLE `student_classes` (`id` int AUTO_INCREMENT PRIMARY KEY, `name` varchar(255), `time` varchar(255) COMMENT 'å¹´çº§ï¼š2016', `obj_type` varchar(255) COMMENT 'å¹´çº§ç±»å‹ï¼šEMBA', `short_name` varchar(255) COMMENT 'ç®€ç§°ï¼šE16', `status` int COMMENT 'ç­çº§çŠ¶æ€', `score_line` float COMMENT 'åˆ†æ•°çº¿', `comment` text COMMENT 'æè¿°', `created_at` datetime NOT NULL, `updated_at` datetime NOT NULL) ENGINE=InnoDB[0m
  [1m[35m (0.1ms)[0m  [1m[35mBEGIN[0m
  [1m[35mSQL (0.1ms)[0m  [1m[32mINSERT INTO `schema_migrations` (`version`) VALUES ('20161024034343')[0m
  [1m[35m (0.2ms)[0m  [1m[35mCOMMIT[0m
Migrating to CreateInterviewScores (20161024034558)
  [1m[35m (11.6ms)[0m  [1m[35mCREATE TABLE `interview_scores` (`id` int AUTO_INCREMENT PRIMARY KEY, `student_id` int COMMENT 'å­¦ç”ŸID', `student_class_id` int COMMENT 'å­¦ç”Ÿç­çº§ID', `score` float COMMENT 'å­¦ç”Ÿé¢è¯•æˆç»©', `score_order` int COMMENT 'å­¦ç”Ÿé¢è¯•æˆç»©æ’å', `interview_at` datetime COMMENT 'å­¦ç”Ÿé¢è¯•æ—¶é—´', `show_at` datetime COMMENT 'å­¦ç”Ÿé¢è¯•æˆç»©å…¬å¸ƒæ—¶é—´', `status` int COMMENT 'å­¦ç”Ÿé¢è¯•çŠ¶æ€', `created_at` datetime NOT NULL, `updated_at` datetime NOT NULL) ENGINE=InnoDB[0m
  [1m[35m (0.1ms)[0m  [1m[35mBEGIN[0m
  [1m[35mSQL (0.1ms)[0m  [1m[32mINSERT INTO `schema_migrations` (`version`) VALUES ('20161024034558')[0m
  [1m[35m (0.1ms)[0m  [1m[35mCOMMIT[0m
Migrating to CreateWrittenScores (20161024034643)
  [1m[35m (10.8ms)[0m  [1m[35mCREATE TABLE `written_scores` (`id` int AUTO_INCREMENT PRIMARY KEY, `student_id` int COMMENT 'å­¦ç”ŸID', `student_class_id` int COMMENT 'å­¦ç”Ÿç­çº§ID', `score` float COMMENT 'å­¦ç”Ÿç¬”è¯•æˆç»©', `score_order` int COMMENT 'å­¦ç”Ÿç¬”è¯•æˆç»©æ’å', `score_comment` varchar(255) COMMENT 'å­¦ç”Ÿç¬”è¯•ç›¸å…³è¯´æ˜', `interview_at` datetime COMMENT 'å­¦ç”Ÿç¬”è¯•æ—¶é—´', `show_at` datetime COMMENT 'å­¦ç”Ÿç¬”è¯•æˆç»©å…¬å¸ƒæ—¶é—´', `status` int COMMENT 'å­¦ç”Ÿç¬”è¯•çŠ¶æ€', `created_at` datetime NOT NULL, `updated_at` datetime NOT NULL) ENGINE=InnoDB[0m
  [1m[35m (0.1ms)[0m  [1m[35mBEGIN[0m
  [1m[35mSQL (0.1ms)[0m  [1m[32mINSERT INTO `schema_migrations` (`version`) VALUES ('20161024034643')[0m
  [1m[35m (0.2ms)[0m  [1m[35mCOMMIT[0m
Migrating to CreateWrittenApplies (20161024034747)
  [1m[35m (11.3ms)[0m  [1m[35mCREATE TABLE `written_applies` (`id` int AUTO_INCREMENT PRIMARY KEY, `student_id` int COMMENT 'å­¦ç”ŸID', `apply_set_id` int COMMENT 'ç”³è¯·ID', `name` varchar(255) COMMENT 'å­¦ç”Ÿåå­—', `cat_no` varchar(255) COMMENT 'å­¦ç”Ÿåå­—', `status` int COMMENT 'å­¦ç”Ÿç”³è¯·çŠ¶æ€', `created_at` datetime NOT NULL, `updated_at` datetime NOT NULL) ENGINE=InnoDB[0m
  [1m[35m (0.1ms)[0m  [1m[35mBEGIN[0m
  [1m[35mSQL (0.1ms)[0m  [1m[32mINSERT INTO `schema_migrations` (`version`) VALUES ('20161024034747')[0m
  [1m[35m (0.2ms)[0m  [1m[35mCOMMIT[0m
Migrating to CreateAdmissionRecords (20161024035150)
  [1m[35m (13.6ms)[0m  [1m[35mCREATE TABLE `admission_records` (`id` int AUTO_INCREMENT PRIMARY KEY, `student_id` int COMMENT 'å­¦ç”ŸID', `interview_score_id` int COMMENT 'å­¦ç”Ÿé¢è¯•', `written_score_id` int COMMENT 'å­¦ç”Ÿç¬”è¯•', `status` int COMMENT 'å­¦ç”Ÿå½•å–çŠ¶æ€', `comment` text COMMENT 'æè¿°', `created_at` datetime NOT NULL, `updated_at` datetime NOT NULL) ENGINE=InnoDB[0m
  [1m[35m (0.1ms)[0m  [1m[35mBEGIN[0m
  [1m[35mSQL (0.2ms)[0m  [1m[32mINSERT INTO `schema_migrations` (`version`) VALUES ('20161024035150')[0m
  [1m[35m (0.2ms)[0m  [1m[35mCOMMIT[0m
Migrating to CreatePermissionsRoles (20161024050854)
  [1m[35m (11.4ms)[0m  [1m[35mCREATE TABLE `permissions_roles` (`id` int AUTO_INCREMENT PRIMARY KEY, `permission_id` int, `user_id` int,  INDEX `index_permissions_roles_on_permission_id`  (`permission_id`),  INDEX `index_permissions_roles_on_user_id`  (`user_id`)) ENGINE=InnoDB[0m
  [1m[35m (0.1ms)[0m  [1m[35mBEGIN[0m
  [1m[35mSQL (0.1ms)[0m  [1m[32mINSERT INTO `schema_migrations` (`version`) VALUES ('20161024050854')[0m
  [1m[35m (0.2ms)[0m  [1m[35mCOMMIT[0m
Migrating to CreateRolesUsers (20161024051120)
  [1m[35m (10.6ms)[0m  [1m[35mCREATE TABLE `roles_users` (`id` int AUTO_INCREMENT PRIMARY KEY, `role_id` int, `user_id` int,  INDEX `index_roles_users_on_role_id`  (`role_id`),  INDEX `index_roles_users_on_user_id`  (`user_id`)) ENGINE=InnoDB[0m
  [1m[35m (0.1ms)[0m  [1m[35mBEGIN[0m
  [1m[35mSQL (0.1ms)[0m  [1m[32mINSERT INTO `schema_migrations` (`version`) VALUES ('20161024051120')[0m
  [1m[35m (0.2ms)[0m  [1m[35mCOMMIT[0m
Migrating to CreateApplySets (20161024055745)
  [1m[35m (10.9ms)[0m  [1m[35mCREATE TABLE `apply_sets` (`id` int AUTO_INCREMENT PRIMARY KEY, `student_class_id` int COMMENT 'å­¦ç”Ÿç­çº§ID', `apply_at` datetime COMMENT 'é¢„çº¦æ—¶é—´', `place_where` varchar(255) COMMENT 'é¢„çº¦åœ°ç‚¹', `comment` text COMMENT 'æè¿°', `limit_menber` int COMMENT 'å­¦ç”Ÿäººæ•°é™åˆ¶', `status` int COMMENT 'è®¾ç½®çŠ¶æ€', `show_at` datetime COMMENT 'å¼€æ”¾æ—¶é—´', `created_at` datetime NOT NULL, `updated_at` datetime NOT NULL) ENGINE=InnoDB[0m
  [1m[35m (0.1ms)[0m  [1m[35mBEGIN[0m
  [1m[35mSQL (0.2ms)[0m  [1m[32mINSERT INTO `schema_migrations` (`version`) VALUES ('20161024055745')[0m
  [1m[35m (1.1ms)[0m  [1m[35mCOMMIT[0m
  [1m[36mActiveRecord::InternalMetadata Load (0.2ms)[0m  [1m[34mSELECT  `ar_internal_metadata`.* FROM `ar_internal_metadata` WHERE `ar_internal_metadata`.`key` = 'environment' LIMIT 1[0m
  [1m[35m (0.1ms)[0m  [1m[35mBEGIN[0m
  [1m[35mSQL (0.2ms)[0m  [1m[32mINSERT INTO `ar_internal_metadata` (`key`, `value`, `created_at`, `updated_at`) VALUES ('environment', 'development', '2016-10-24 06:44:47', '2016-10-24 06:44:47')[0m
  [1m[35m (0.2ms)[0m  [1m[35mCOMMIT[0m
  [1m[35m (0.1ms)[0m  [1m[34mSELECT RELEASE_LOCK('1207452200672133675')[0m
  [1m[36mActiveRecord::SchemaMigration Load (0.2ms)[0m  [1m[34mSELECT `schema_migrations`.* FROM `schema_migrations`[0m
  [1m[35m (0.1ms)[0m  [1m[35mSHOW CREATE TABLE `admission_records`[0m
  [1m[35m (0.2ms)[0m  [1m[35mSHOW TABLE STATUS LIKE 'admission_records'[0m
  [1m[35m (0.1ms)[0m  [1m[35mSHOW CREATE TABLE `apply_sets`[0m
  [1m[35m (0.2ms)[0m  [1m[35mSHOW TABLE STATUS LIKE 'apply_sets'[0m
  [1m[35m (0.1ms)[0m  [1m[35mSHOW CREATE TABLE `attachments`[0m
  [1m[35m (0.3ms)[0m  [1m[35mSHOW TABLE STATUS LIKE 'attachments'[0m
  [1m[35m (0.1ms)[0m  [1m[35mSHOW CREATE TABLE `interview_scores`[0m
  [1m[35m (0.1ms)[0m  [1m[35mSHOW CREATE TABLE `permissions`[0m
  [1m[35m (0.3ms)[0m  [1m[35mSHOW TABLE STATUS LIKE 'permissions'[0m
  [1m[35m (0.1ms)[0m  [1m[35mSHOW CREATE TABLE `permissions_roles`[0m
  [1m[35m (0.2ms)[0m  [1m[35mSHOW CREATE TABLE `roles`[0m
  [1m[35m (0.9ms)[0m  [1m[35mSHOW TABLE STATUS LIKE 'roles'[0m
  [1m[35m (0.1ms)[0m  [1m[35mSHOW CREATE TABLE `roles_users`[0m
  [1m[35m (0.1ms)[0m  [1m[35mSHOW CREATE TABLE `student_classes`[0m
  [1m[35m (0.2ms)[0m  [1m[35mSHOW TABLE STATUS LIKE 'student_classes'[0m
  [1m[35m (0.1ms)[0m  [1m[35mSHOW CREATE TABLE `students`[0m
  [1m[35m (0.3ms)[0m  [1m[35mSHOW TABLE STATUS LIKE 'students'[0m
  [1m[35m (0.1ms)[0m  [1m[35mSHOW CREATE TABLE `users`[0m
  [1m[35m (0.2ms)[0m  [1m[35mSHOW TABLE STATUS LIKE 'users'[0m
  [1m[35m (0.1ms)[0m  [1m[35mSHOW CREATE TABLE `written_applies`[0m
  [1m[35m (0.3ms)[0m  [1m[35mSHOW TABLE STATUS LIKE 'written_applies'[0m
  [1m[35m (0.1ms)[0m  [1m[35mSHOW CREATE TABLE `written_scores`[0m
  [1m[35m (0.3ms)[0m  [1m[35mSHOW TABLE STATUS LIKE 'written_scores'[0m
  [1m[35m (0.2ms)[0m  [1m[34mSELECT fk.referenced_table_name as 'to_table'
      ,fk.referenced_column_name as 'primary_key'
      ,fk.column_name as 'column'
      ,fk.constraint_name as 'name'
FROM information_schema.key_column_usage fk
WHERE fk.referenced_column_name is not null
  AND fk.table_schema = 'recruit_stu_development'
  AND fk.table_name = 'admission_records'
[0m
  [1m[35m (0.2ms)[0m  [1m[34mSELECT fk.referenced_table_name as 'to_table'
      ,fk.referenced_column_name as 'primary_key'
      ,fk.column_name as 'column'
      ,fk.constraint_name as 'name'
FROM information_schema.key_column_usage fk
WHERE fk.referenced_column_name is not null
  AND fk.table_schema = 'recruit_stu_development'
  AND fk.table_name = 'apply_sets'
[0m
  [1m[35m (0.2ms)[0m  [1m[34mSELECT fk.referenced_table_name as 'to_table'
      ,fk.referenced_column_name as 'primary_key'
      ,fk.column_name as 'column'
      ,fk.constraint_name as 'name'
FROM information_schema.key_column_usage fk
WHERE fk.referenced_column_name is not null
  AND fk.table_schema = 'recruit_stu_development'
  AND fk.table_name = 'attachments'
[0m
  [1m[35m (0.2ms)[0m  [1m[34mSELECT fk.referenced_table_name as 'to_table'
      ,fk.referenced_column_name as 'primary_key'
      ,fk.column_name as 'column'
      ,fk.constraint_name as 'name'
FROM information_schema.key_column_usage fk
WHERE fk.referenced_column_name is not null
  AND fk.table_schema = 'recruit_stu_development'
  AND fk.table_name = 'interview_scores'
[0m
  [1m[35m (0.2ms)[0m  [1m[34mSELECT fk.referenced_table_name as 'to_table'
      ,fk.referenced_column_name as 'primary_key'
      ,fk.column_name as 'column'
      ,fk.constraint_name as 'name'
FROM information_schema.key_column_usage fk
WHERE fk.referenced_column_name is not null
  AND fk.table_schema = 'recruit_stu_development'
  AND fk.table_name = 'permissions'
[0m
  [1m[35m (0.2ms)[0m  [1m[34mSELECT fk.referenced_table_name as 'to_table'
      ,fk.referenced_column_name as 'primary_key'
      ,fk.column_name as 'column'
      ,fk.constraint_name as 'name'
FROM information_schema.key_column_usage fk
WHERE fk.referenced_column_name is not null
  AND fk.table_schema = 'recruit_stu_development'
  AND fk.table_name = 'permissions_roles'
[0m
  [1m[35m (0.2ms)[0m  [1m[34mSELECT fk.referenced_table_name as 'to_table'
      ,fk.referenced_column_name as 'primary_key'
      ,fk.column_name as 'column'
      ,fk.constraint_name as 'name'
FROM information_schema.key_column_usage fk
WHERE fk.referenced_column_name is not null
  AND fk.table_schema = 'recruit_stu_development'
  AND fk.table_name = 'roles'
[0m
  [1m[35m (0.2ms)[0m  [1m[34mSELECT fk.referenced_table_name as 'to_table'
      ,fk.referenced_column_name as 'primary_key'
      ,fk.column_name as 'column'
      ,fk.constraint_name as 'name'
FROM information_schema.key_column_usage fk
WHERE fk.referenced_column_name is not null
  AND fk.table_schema = 'recruit_stu_development'
  AND fk.table_name = 'roles_users'
[0m
  [1m[35m (0.2ms)[0m  [1m[34mSELECT fk.referenced_table_name as 'to_table'
      ,fk.referenced_column_name as 'primary_key'
      ,fk.column_name as 'column'
      ,fk.constraint_name as 'name'
FROM information_schema.key_column_usage fk
WHERE fk.referenced_column_name is not null
  AND fk.table_schema = 'recruit_stu_development'
  AND fk.table_name = 'student_classes'
[0m
  [1m[35m (0.2ms)[0m  [1m[34mSELECT fk.referenced_table_name as 'to_table'
      ,fk.referenced_column_name as 'primary_key'
      ,fk.column_name as 'column'
      ,fk.constraint_name as 'name'
FROM information_schema.key_column_usage fk
WHERE fk.referenced_column_name is not null
  AND fk.table_schema = 'recruit_stu_development'
  AND fk.table_name = 'students'
[0m
  [1m[35m (0.2ms)[0m  [1m[34mSELECT fk.referenced_table_name as 'to_table'
      ,fk.referenced_column_name as 'primary_key'
      ,fk.column_name as 'column'
      ,fk.constraint_name as 'name'
FROM information_schema.key_column_usage fk
WHERE fk.referenced_column_name is not null
  AND fk.table_schema = 'recruit_stu_development'
  AND fk.table_name = 'users'
[0m
  [1m[35m (0.2ms)[0m  [1m[34mSELECT fk.referenced_table_name as 'to_table'
      ,fk.referenced_column_name as 'primary_key'
      ,fk.column_name as 'column'
      ,fk.constraint_name as 'name'
FROM information_schema.key_column_usage fk
WHERE fk.referenced_column_name is not null
  AND fk.table_schema = 'recruit_stu_development'
  AND fk.table_name = 'written_applies'
[0m
  [1m[35m (0.2ms)[0m  [1m[34mSELECT fk.referenced_table_name as 'to_table'
      ,fk.referenced_column_name as 'primary_key'
      ,fk.column_name as 'column'
      ,fk.constraint_name as 'name'
FROM information_schema.key_column_usage fk
WHERE fk.referenced_column_name is not null
  AND fk.table_schema = 'recruit_stu_development'
  AND fk.table_name = 'written_scores'
[0m
